# JRE version: OpenJDK Runtime Environment (11.0.2+9) (build 11.0.2+9)
# Java VM: OpenJDK 64-Bit Server VM (11.0.2+9, mixed mode, tiered, compressed oops, g1 gc, windows-amd64)
Heap:
 garbage-first heap   total 522240K, used 317059K [0x0000000603000000, 0x0000000800000000)
  region size 2048K, 139 young (284672K), 1 survivors (2048K)
 Metaspace       used 73622K, capacity 76212K, committed 76364K, reserved 1114112K
  class space    used 9614K, capacity 10772K, committed 10828K, reserved 1048576K
GC Heap History (10 events):
Event: 1032379.129 GC heap before
{Heap before GC invocations=71 (full 0):
 garbage-first heap   total 522240K, used 347767K [0x0000000603000000, 0x0000000800000000)
  region size 2048K, 153 young (313344K), 1 survivors (2048K)
 Metaspace       used 73025K, capacity 75512K, committed 75724K, reserved 1114112K
  class space    used 9524K, capacity 10624K, committed 10700K, reserved 1048576K
}
Event: 1032379.131 GC heap after
{Heap after GC invocations=72 (full 0):
 garbage-first heap   total 522240K, used 36474K [0x0000000603000000, 0x0000000800000000)
  region size 2048K, 1 young (2048K), 1 survivors (2048K)
 Metaspace       used 73025K, capacity 75512K, committed 75724K, reserved 1114112K
  class space    used 9524K, capacity 10624K, committed 10700K, reserved 1048576K
}
Event: 1032379.630 GC heap before
{Heap before GC invocations=72 (full 0):
 garbage-first heap   total 522240K, used 347770K [0x0000000603000000, 0x0000000800000000)
  region size 2048K, 153 young (313344K), 1 survivors (2048K)
 Metaspace       used 73025K, capacity 75512K, committed 75724K, reserved 1114112K
  class space    used 9524K, capacity 10624K, committed 10700K, reserved 1048576K
}
Event: 1032379.631 GC heap after
{Heap after GC invocations=73 (full 0):
 garbage-first heap   total 522240K, used 36475K [0x0000000603000000, 0x0000000800000000)
  region size 2048K, 1 young (2048K), 1 survivors (2048K)
 Metaspace       used 73025K, capacity 75512K, committed 75724K, reserved 1114112K
  class space    used 9524K, capacity 10624K, committed 10700K, reserved 1048576K
}
Event: 1032380.220 GC heap before
{Heap before GC invocations=73 (full 0):
 garbage-first heap   total 522240K, used 347771K [0x0000000603000000, 0x0000000800000000)
  region size 2048K, 153 young (313344K), 1 survivors (2048K)
 Metaspace       used 73025K, capacity 75512K, committed 75724K, reserved 1114112K
  class space    used 9524K, capacity 10624K, committed 10700K, reserved 1048576K
}
Event: 1032380.221 GC heap after
{Heap after GC invocations=74 (full 0):
 garbage-first heap   total 522240K, used 36474K [0x0000000603000000, 0x0000000800000000)
  region size 2048K, 1 young (2048K), 1 survivors (2048K)
 Metaspace       used 73025K, capacity 75512K, committed 75724K, reserved 1114112K
  class space    used 9524K, capacity 10624K, committed 10700K, reserved 1048576K
}
Event: 1032380.669 GC heap before
{Heap before GC invocations=74 (full 0):
 garbage-first heap   total 522240K, used 347770K [0x0000000603000000, 0x0000000800000000)
  region size 2048K, 153 young (313344K), 1 survivors (2048K)
 Metaspace       used 73025K, capacity 75512K, committed 75724K, reserved 1114112K
  class space    used 9524K, capacity 10624K, committed 10700K, reserved 1048576K
}
Event: 1032380.669 GC heap after
{Heap after GC invocations=75 (full 0):
 garbage-first heap   total 522240K, used 36479K [0x0000000603000000, 0x0000000800000000)
  region size 2048K, 1 young (2048K), 1 survivors (2048K)
 Metaspace       used 73025K, capacity 75512K, committed 75724K, reserved 1114112K
  class space    used 9524K, capacity 10624K, committed 10700K, reserved 1048576K
}
Event: 1032381.133 GC heap before
{Heap before GC invocations=75 (full 0):
 garbage-first heap   total 522240K, used 347775K [0x0000000603000000, 0x0000000800000000)
  region size 2048K, 153 young (313344K), 1 survivors (2048K)
 Metaspace       used 73025K, capacity 75512K, committed 75724K, reserved 1114112K
  class space    used 9524K, capacity 10624K, committed 10700K, reserved 1048576K
}
Event: 1032381.133 GC heap after
{Heap after GC invocations=76 (full 0):
 garbage-first heap   total 522240K, used 36483K [0x0000000603000000, 0x0000000800000000)
  region size 2048K, 1 young (2048K), 1 survivors (2048K)
 Metaspace       used 73025K, capacity 75512K, committed 75724K, reserved 1114112K
  class space    used 9524K, capacity 10624K, committed 10700K, reserved 1048576K
}

