# JRE version: OpenJDK Runtime Environment (11.0.2+9) (build 11.0.2+9)
# Java VM: OpenJDK 64-Bit Server VM (11.0.2+9, mixed mode, tiered, compressed oops, g1 gc, windows-amd64)
Heap:
 garbage-first heap   total 522240K, used 63118K [0x0000000603000000, 0x0000000800000000)
  region size 2048K, 26 young (53248K), 9 survivors (18432K)
 Metaspace       used 60306K, capacity 62502K, committed 62796K, reserved 1103872K
  class space    used 7943K, capacity 8959K, committed 9036K, reserved 1048576K
GC Heap History (10 events):
Event: 1.768 GC heap before
{Heap before GC invocations=2 (full 0):
 garbage-first heap   total 522240K, used 60866K [0x0000000603000000, 0x0000000800000000)
  region size 2048K, 28 young (57344K), 2 survivors (4096K)
 Metaspace       used 10845K, capacity 11026K, committed 11136K, reserved 1058816K
  class space    used 1003K, capacity 1080K, committed 1152K, reserved 1048576K
}
Event: 1.770 GC heap after
{Heap after GC invocations=3 (full 0):
 garbage-first heap   total 522240K, used 12066K [0x0000000603000000, 0x0000000800000000)
  region size 2048K, 3 young (6144K), 3 survivors (6144K)
 Metaspace       used 10845K, capacity 11026K, committed 11136K, reserved 1058816K
  class space    used 1003K, capacity 1080K, committed 1152K, reserved 1048576K
}
Event: 3.091 GC heap before
{Heap before GC invocations=3 (full 0):
 garbage-first heap   total 522240K, used 200482K [0x0000000603000000, 0x0000000800000000)
  region size 2048K, 97 young (198656K), 3 survivors (6144K)
 Metaspace       used 20823K, capacity 21125K, committed 21248K, reserved 1069056K
  class space    used 2336K, capacity 2482K, committed 2560K, reserved 1048576K
}
Event: 3.097 GC heap after
{Heap after GC invocations=4 (full 0):
 garbage-first heap   total 522240K, used 18267K [0x0000000603000000, 0x0000000800000000)
  region size 2048K, 6 young (12288K), 6 survivors (12288K)
 Metaspace       used 20823K, capacity 21125K, committed 21248K, reserved 1069056K
  class space    used 2336K, capacity 2482K, committed 2560K, reserved 1048576K
}
Event: 5.227 GC heap before
{Heap before GC invocations=5 (full 0):
 garbage-first heap   total 522240K, used 96091K [0x0000000603000000, 0x0000000800000000)
  region size 2048K, 45 young (92160K), 6 survivors (12288K)
 Metaspace       used 34979K, capacity 35753K, committed 35840K, reserved 1081344K
  class space    used 4187K, capacity 4547K, committed 4608K, reserved 1048576K
}
Event: 5.242 GC heap after
{Heap after GC invocations=6 (full 0):
 garbage-first heap   total 522240K, used 21436K [0x0000000603000000, 0x0000000800000000)
  region size 2048K, 7 young (14336K), 7 survivors (14336K)
 Metaspace       used 34979K, capacity 35753K, committed 35840K, reserved 1081344K
  class space    used 4187K, capacity 4547K, committed 4608K, reserved 1048576K
}
Event: 7.158 GC heap before
{Heap before GC invocations=7 (full 0):
 garbage-first heap   total 522240K, used 318396K [0x0000000603000000, 0x0000000800000000)
  region size 2048K, 153 young (313344K), 7 survivors (14336K)
 Metaspace       used 53729K, capacity 55548K, committed 55680K, reserved 1097728K
  class space    used 6966K, capacity 7780K, committed 7808K, reserved 1048576K
}
Event: 7.166 GC heap after
{Heap after GC invocations=8 (full 0):
 garbage-first heap   total 522240K, used 34129K [0x0000000603000000, 0x0000000800000000)
  region size 2048K, 13 young (26624K), 13 survivors (26624K)
 Metaspace       used 53729K, capacity 55548K, committed 55680K, reserved 1097728K
  class space    used 6966K, capacity 7780K, committed 7808K, reserved 1048576K
}
Event: 7.566 GC heap before
{Heap before GC invocations=8 (full 0):
 garbage-first heap   total 522240K, used 66897K [0x0000000603000000, 0x0000000800000000)
  region size 2048K, 30 young (61440K), 13 survivors (26624K)
 Metaspace       used 58031K, capacity 60131K, committed 60160K, reserved 1101824K
  class space    used 7594K, capacity 8558K, committed 8576K, reserved 1048576K
}
Event: 7.578 GC heap after
{Heap after GC invocations=9 (full 0):
 garbage-first heap   total 522240K, used 30350K [0x0000000603000000, 0x0000000800000000)
  region size 2048K, 9 young (18432K), 9 survivors (18432K)
 Metaspace       used 58031K, capacity 60131K, committed 60160K, reserved 1101824K
  class space    used 7594K, capacity 8558K, committed 8576K, reserved 1048576K
}

