# JRE version: OpenJDK Runtime Environment (11.0.2+9) (build 11.0.2+9)
# Java VM: OpenJDK 64-Bit Server VM (11.0.2+9, mixed mode, tiered, compressed oops, g1 gc, windows-amd64)
Heap:
 garbage-first heap   total 522240K, used 214958K [0x0000000603000000, 0x0000000800000000)
  region size 2048K, 94 young (192512K), 6 survivors (12288K)
 Metaspace       used 73686K, capacity 76298K, committed 76416K, reserved 1114112K
  class space    used 9615K, capacity 10776K, committed 10880K, reserved 1048576K
GC Heap History (10 events):
Event: 525197.874 GC heap before
{Heap before GC invocations=19 (full 0):
 garbage-first heap   total 522240K, used 333405K [0x0000000603000000, 0x0000000800000000)
  region size 2048K, 153 young (313344K), 8 survivors (16384K)
 Metaspace       used 73086K, capacity 75597K, committed 75776K, reserved 1114112K
  class space    used 9527K, capacity 10629K, committed 10752K, reserved 1048576K
}
Event: 525197.883 GC heap after
{Heap after GC invocations=20 (full 0):
 garbage-first heap   total 522240K, used 36665K [0x0000000603000000, 0x0000000800000000)
  region size 2048K, 8 young (16384K), 8 survivors (16384K)
 Metaspace       used 73086K, capacity 75597K, committed 75776K, reserved 1114112K
  class space    used 9527K, capacity 10629K, committed 10752K, reserved 1048576K
}
Event: 704186.094 GC heap before
{Heap before GC invocations=20 (full 0):
 garbage-first heap   total 522240K, used 333625K [0x0000000603000000, 0x0000000800000000)
  region size 2048K, 153 young (313344K), 8 survivors (16384K)
 Metaspace       used 73087K, capacity 75597K, committed 75776K, reserved 1114112K
  class space    used 9527K, capacity 10629K, committed 10752K, reserved 1048576K
}
Event: 704186.104 GC heap after
{Heap after GC invocations=21 (full 0):
 garbage-first heap   total 522240K, used 36452K [0x0000000603000000, 0x0000000800000000)
  region size 2048K, 8 young (16384K), 8 survivors (16384K)
 Metaspace       used 73087K, capacity 75597K, committed 75776K, reserved 1114112K
  class space    used 9527K, capacity 10629K, committed 10752K, reserved 1048576K
}
Event: 704186.844 GC heap before
{Heap before GC invocations=21 (full 0):
 garbage-first heap   total 522240K, used 333412K [0x0000000603000000, 0x0000000800000000)
  region size 2048K, 153 young (313344K), 8 survivors (16384K)
 Metaspace       used 73087K, capacity 75597K, committed 75776K, reserved 1114112K
  class space    used 9527K, capacity 10629K, committed 10752K, reserved 1048576K
}
Event: 704186.855 GC heap after
{Heap after GC invocations=22 (full 0):
 garbage-first heap   total 522240K, used 36447K [0x0000000603000000, 0x0000000800000000)
  region size 2048K, 8 young (16384K), 8 survivors (16384K)
 Metaspace       used 73087K, capacity 75597K, committed 75776K, reserved 1114112K
  class space    used 9527K, capacity 10629K, committed 10752K, reserved 1048576K
}
Event: 718034.477 GC heap before
{Heap before GC invocations=22 (full 0):
 garbage-first heap   total 522240K, used 333407K [0x0000000603000000, 0x0000000800000000)
  region size 2048K, 153 young (313344K), 8 survivors (16384K)
 Metaspace       used 73090K, capacity 75597K, committed 75776K, reserved 1114112K
  class space    used 9527K, capacity 10629K, committed 10752K, reserved 1048576K
}
Event: 718034.603 GC heap after
{Heap after GC invocations=23 (full 0):
 garbage-first heap   total 522240K, used 36270K [0x0000000603000000, 0x0000000800000000)
  region size 2048K, 8 young (16384K), 8 survivors (16384K)
 Metaspace       used 73090K, capacity 75597K, committed 75776K, reserved 1114112K
  class space    used 9527K, capacity 10629K, committed 10752K, reserved 1048576K
}
Event: 784133.919 GC heap before
{Heap before GC invocations=23 (full 0):
 garbage-first heap   total 522240K, used 333230K [0x0000000603000000, 0x0000000800000000)
  region size 2048K, 153 young (313344K), 8 survivors (16384K)
 Metaspace       used 73098K, capacity 75603K, committed 75776K, reserved 1114112K
  class space    used 9527K, capacity 10630K, committed 10752K, reserved 1048576K
}
Event: 784134.041 GC heap after
{Heap after GC invocations=24 (full 0):
 garbage-first heap   total 522240K, used 36782K [0x0000000603000000, 0x0000000800000000)
  region size 2048K, 6 young (12288K), 6 survivors (12288K)
 Metaspace       used 73098K, capacity 75603K, committed 75776K, reserved 1114112K
  class space    used 9527K, capacity 10630K, committed 10752K, reserved 1048576K
}

