# JRE version: OpenJDK Runtime Environment (11.0.2+9) (build 11.0.2+9)
# Java VM: OpenJDK 64-Bit Server VM (11.0.2+9, mixed mode, tiered, compressed oops, g1 gc, windows-amd64)
Heap:
 garbage-first heap   total 522240K, used 206647K [0x0000000603000000, 0x0000000800000000)
  region size 2048K, 92 young (188416K), 8 survivors (16384K)
 Metaspace       used 73607K, capacity 76212K, committed 76364K, reserved 1114112K
  class space    used 9612K, capacity 10772K, committed 10828K, reserved 1048576K
GC Heap History (10 events):
Event: 51216.402 GC heap before
{Heap before GC invocations=17 (full 0):
 garbage-first heap   total 522240K, used 333190K [0x0000000603000000, 0x0000000800000000)
  region size 2048K, 153 young (313344K), 8 survivors (16384K)
 Metaspace       used 73016K, capacity 75512K, committed 75724K, reserved 1114112K
  class space    used 9522K, capacity 10624K, committed 10700K, reserved 1048576K
}
Event: 51216.406 GC heap after
{Heap after GC invocations=18 (full 0):
 garbage-first heap   total 522240K, used 36421K [0x0000000603000000, 0x0000000800000000)
  region size 2048K, 8 young (16384K), 8 survivors (16384K)
 Metaspace       used 73016K, capacity 75512K, committed 75724K, reserved 1114112K
  class space    used 9522K, capacity 10624K, committed 10700K, reserved 1048576K
}
Event: 299872.203 GC heap before
{Heap before GC invocations=18 (full 0):
 garbage-first heap   total 522240K, used 333381K [0x0000000603000000, 0x0000000800000000)
  region size 2048K, 153 young (313344K), 8 survivors (16384K)
 Metaspace       used 73016K, capacity 75512K, committed 75724K, reserved 1114112K
  class space    used 9522K, capacity 10624K, committed 10700K, reserved 1048576K
}
Event: 299872.208 GC heap after
{Heap after GC invocations=19 (full 0):
 garbage-first heap   total 522240K, used 36411K [0x0000000603000000, 0x0000000800000000)
  region size 2048K, 8 young (16384K), 8 survivors (16384K)
 Metaspace       used 73016K, capacity 75512K, committed 75724K, reserved 1114112K
  class space    used 9522K, capacity 10624K, committed 10700K, reserved 1048576K
}
Event: 299872.838 GC heap before
{Heap before GC invocations=19 (full 0):
 garbage-first heap   total 522240K, used 333371K [0x0000000603000000, 0x0000000800000000)
  region size 2048K, 153 young (313344K), 8 survivors (16384K)
 Metaspace       used 73018K, capacity 75512K, committed 75724K, reserved 1114112K
  class space    used 9522K, capacity 10624K, committed 10700K, reserved 1048576K
}
Event: 299872.842 GC heap after
{Heap after GC invocations=20 (full 0):
 garbage-first heap   total 522240K, used 36434K [0x0000000603000000, 0x0000000800000000)
  region size 2048K, 8 young (16384K), 8 survivors (16384K)
 Metaspace       used 73018K, capacity 75512K, committed 75724K, reserved 1114112K
  class space    used 9522K, capacity 10624K, committed 10700K, reserved 1048576K
}
Event: 299873.473 GC heap before
{Heap before GC invocations=20 (full 0):
 garbage-first heap   total 522240K, used 333394K [0x0000000603000000, 0x0000000800000000)
  region size 2048K, 153 young (313344K), 8 survivors (16384K)
 Metaspace       used 73018K, capacity 75512K, committed 75724K, reserved 1114112K
  class space    used 9522K, capacity 10624K, committed 10700K, reserved 1048576K
}
Event: 299873.477 GC heap after
{Heap after GC invocations=21 (full 0):
 garbage-first heap   total 522240K, used 36430K [0x0000000603000000, 0x0000000800000000)
  region size 2048K, 8 young (16384K), 8 survivors (16384K)
 Metaspace       used 73018K, capacity 75512K, committed 75724K, reserved 1114112K
  class space    used 9522K, capacity 10624K, committed 10700K, reserved 1048576K
}
Event: 300973.529 GC heap before
{Heap before GC invocations=21 (full 0):
 garbage-first heap   total 522240K, used 333390K [0x0000000603000000, 0x0000000800000000)
  region size 2048K, 153 young (313344K), 8 survivors (16384K)
 Metaspace       used 73020K, capacity 75512K, committed 75724K, reserved 1114112K
  class space    used 9522K, capacity 10624K, committed 10700K, reserved 1048576K
}
Event: 300973.534 GC heap after
{Heap after GC invocations=22 (full 0):
 garbage-first heap   total 522240K, used 36663K [0x0000000603000000, 0x0000000800000000)
  region size 2048K, 8 young (16384K), 8 survivors (16384K)
 Metaspace       used 73020K, capacity 75512K, committed 75724K, reserved 1114112K
  class space    used 9522K, capacity 10624K, committed 10700K, reserved 1048576K
}

